<?xml version="1.0" encoding="UTF-8"?>
<!-- Generated by org.testng.reporters.JUnitReportReporter -->
<testsuite hostname="Erfan" name="test.user.CreateBook" tests="1" failures="0" timestamp="4 Aug 2016 10:46:06 GMT" time="49.542" errors="0">
  <testcase name="testCreateBookPositiveScenarios" time="49.542" classname="test.user.CreateBook"/>
</testsuite> <!-- test.user.CreateBook -->
