<?xml version="1.0" encoding="UTF-8"?>
<!-- Generated by org.testng.reporters.JUnitReportReporter -->
<testsuite hostname="Erfan" name="test.user.Login" tests="1" failures="0" timestamp="29 Dec 2015 12:40:57 GMT" time="15.484" errors="0">
  <testcase name="performLogin" time="15.484" classname="test.user.Login"/>
</testsuite> <!-- test.user.Login -->
